Started GET "/" for 127.0.0.1 at 2018-08-23 10:25:00 +0200
  
ActiveRecord::NoDatabaseError (FATAL:  database "rails-ajax_development" does not exist
):
  
activerecord (5.2.1) lib/active_record/connection_adapters/postgresql_adapter.rb:688:in `rescue in connect'
activerecord (5.2.1) lib/active_record/connection_adapters/postgresql_adapter.rb:683:in `connect'
activerecord (5.2.1) lib/active_record/connection_adapters/postgresql_adapter.rb:215:in `initialize'
activerecord (5.2.1) lib/active_record/connection_adapters/postgresql_adapter.rb:40:in `new'
activerecord (5.2.1) lib/active_record/connection_adapters/postgresql_adapter.rb:40:in `postgresql_connection'
activerecord (5.2.1) lib/active_record/connection_adapters/abstract/connection_pool.rb:809:in `new_connection'
activerecord (5.2.1) lib/active_record/connection_adapters/abstract/connection_pool.rb:853:in `checkout_new_connection'
activerecord (5.2.1) lib/active_record/connection_adapters/abstract/connection_pool.rb:832:in `try_to_checkout_new_connection'
activerecord (5.2.1) lib/active_record/connection_adapters/abstract/connection_pool.rb:793:in `acquire_connection'
activerecord (5.2.1) lib/active_record/connection_adapters/abstract/connection_pool.rb:521:in `checkout'
activerecord (5.2.1) lib/active_record/connection_adapters/abstract/connection_pool.rb:380:in `connection'
activerecord (5.2.1) lib/active_record/connection_adapters/abstract/connection_pool.rb:1008:in `retrieve_connection'
activerecord (5.2.1) lib/active_record/connection_handling.rb:118:in `retrieve_connection'
activerecord (5.2.1) lib/active_record/connection_handling.rb:90:in `connection'
activerecord (5.2.1) lib/active_record/migration.rb:554:in `call'
actionpack (5.2.1) lib/action_dispatch/middleware/callbacks.rb:28:in `block in call'
activesupport (5.2.1) lib/active_support/callbacks.rb:98:in `run_callbacks'
actionpack (5.2.1) lib/action_dispatch/middleware/callbacks.rb:26:in `call'
actionpack (5.2.1) lib/action_dispatch/middleware/executor.rb:14:in `call'
actionpack (5.2.1) lib/action_dispatch/middleware/debug_exceptions.rb:61:in `call'
web-console (3.6.2) lib/web_console/middleware.rb:135:in `call_app'
web-console (3.6.2) lib/web_console/middleware.rb:30:in `block in call'
web-console (3.6.2) lib/web_console/middleware.rb:20:in `catch'
web-console (3.6.2) lib/web_console/middleware.rb:20:in `call'
actionpack (5.2.1) lib/action_dispatch/middleware/show_exceptions.rb:33:in `call'
railties (5.2.1) lib/rails/rack/logger.rb:38:in `call_app'
railties (5.2.1) lib/rails/rack/logger.rb:26:in `block in call'
activesupport (5.2.1) lib/active_support/tagged_logging.rb:71:in `block in tagged'
activesupport (5.2.1) lib/active_support/tagged_logging.rb:28:in `tagged'
activesupport (5.2.1) lib/active_support/tagged_logging.rb:71:in `tagged'
railties (5.2.1) lib/rails/rack/logger.rb:26:in `call'
sprockets-rails (3.2.1) lib/sprockets/rails/quiet_assets.rb:13:in `call'
actionpack (5.2.1) lib/action_dispatch/middleware/remote_ip.rb:81:in `call'
actionpack (5.2.1) lib/action_dispatch/middleware/request_id.rb:27:in `call'
rack (2.0.5) lib/rack/method_override.rb:22:in `call'
rack (2.0.5) lib/rack/runtime.rb:22:in `call'
activesupport (5.2.1) lib/active_support/cache/strategy/local_cache_middleware.rb:29:in `call'
actionpack (5.2.1) lib/action_dispatch/middleware/executor.rb:14:in `call'
actionpack (5.2.1) lib/action_dispatch/middleware/static.rb:127:in `call'
rack (2.0.5) lib/rack/sendfile.rb:111:in `call'
railties (5.2.1) lib/rails/engine.rb:524:in `call'
puma (3.12.0) lib/puma/configuration.rb:225:in `call'
puma (3.12.0) lib/puma/server.rb:658:in `handle_request'
puma (3.12.0) lib/puma/server.rb:472:in `process_client'
puma (3.12.0) lib/puma/server.rb:332:in `block in run'
puma (3.12.0) lib/puma/thread_pool.rb:133:in `block in spawn_thread'
  [1m[35m (523.9ms)[0m  [1m[35mCREATE DATABASE "rails-ajax_development" ENCODING = 'unicode'[0m
  ↳ bin/rails:9
  [1m[35m (387.7ms)[0m  [1m[35mCREATE DATABASE "rails-ajax_test" ENCODING = 'unicode'[0m
  ↳ bin/rails:9
  [1m[35m (29.9ms)[0m  [1m[35mCREATE TABLE "schema_migrations" ("version" character varying NOT NULL PRIMARY KEY)[0m
  ↳ bin/rails:9
  [1m[35m (20.1ms)[0m  [1m[35mCREATE TABLE "ar_internal_metadata" ("key" character varying NOT NULL PRIMARY KEY, "value" character varying, "created_at" timestamp NOT NULL, "updated_at" timestamp NOT NULL)[0m
  ↳ bin/rails:9
  [1m[35m (0.3ms)[0m  [1m[34mSELECT pg_try_advisory_lock(4000881607785202140)[0m
  ↳ bin/rails:9
  [1m[35m (0.4ms)[0m  [1m[34mSELECT "schema_migrations"."version" FROM "schema_migrations" ORDER BY "schema_migrations"."version" ASC[0m
  ↳ bin/rails:9
Migrating to CreateGossips (20180821061500)
  [1m[35m (0.2ms)[0m  [1m[35mBEGIN[0m
  ↳ bin/rails:9
  [1m[35m (20.2ms)[0m  [1m[35mCREATE TABLE "gossips" ("id" bigserial primary key, "title" character varying, "body" text, "created_at" timestamp NOT NULL, "updated_at" timestamp NOT NULL)[0m
  ↳ db/migrate/20180821061500_create_gossips.rb:3
  [1m[36mActiveRecord::SchemaMigration Create (0.8ms)[0m  [1m[32mINSERT INTO "schema_migrations" ("version") VALUES ($1) RETURNING "version"[0m  [["version", "20180821061500"]]
  ↳ bin/rails:9
  [1m[35m (0.4ms)[0m  [1m[35mCOMMIT[0m
  ↳ bin/rails:9
  [1m[36mActiveRecord::InternalMetadata Load (0.3ms)[0m  [1m[34mSELECT  "ar_internal_metadata".* FROM "ar_internal_metadata" WHERE "ar_internal_metadata"."key" = $1 LIMIT $2[0m  [["key", "environment"], ["LIMIT", 1]]
  ↳ bin/rails:9
  [1m[35m (0.2ms)[0m  [1m[35mBEGIN[0m
  ↳ bin/rails:9
  [1m[36mActiveRecord::InternalMetadata Create (0.4ms)[0m  [1m[32mINSERT INTO "ar_internal_metadata" ("key", "value", "created_at", "updated_at") VALUES ($1, $2, $3, $4) RETURNING "key"[0m  [["key", "environment"], ["value", "development"], ["created_at", "2018-08-23 08:25:44.168331"], ["updated_at", "2018-08-23 08:25:44.168331"]]
  ↳ bin/rails:9
  [1m[35m (6.1ms)[0m  [1m[35mCOMMIT[0m
  ↳ bin/rails:9
  [1m[35m (0.8ms)[0m  [1m[34mSELECT pg_advisory_unlock(4000881607785202140)[0m
  ↳ bin/rails:9
  [1m[35m (0.7ms)[0m  [1m[34mSELECT "schema_migrations"."version" FROM "schema_migrations" ORDER BY "schema_migrations"."version" ASC[0m
  ↳ bin/rails:9
Started GET "/" for 127.0.0.1 at 2018-08-23 10:26:27 +0200
  [1m[35m (0.6ms)[0m  [1m[34mSELECT "schema_migrations"."version" FROM "schema_migrations" ORDER BY "schema_migrations"."version" ASC[0m
  ↳ /Users/davidbelaga/.rvm/gems/ruby-2.5.1/gems/activerecord-5.2.1/lib/active_record/log_subscriber.rb:98
Processing by GossipsController#index as HTML
  Rendering gossips/index.html.erb within layouts/application
  [1m[36mGossip Load (0.6ms)[0m  [1m[34mSELECT "gossips".* FROM "gossips"[0m
  ↳ app/views/gossips/index.html.erb:5
  Rendered gossips/index.html.erb within layouts/application (42.4ms)
Completed 200 OK in 5773ms (Views: 5753.7ms | ActiveRecord: 4.7ms)


Started POST "/gossips" for 127.0.0.1 at 2018-08-23 10:27:03 +0200
Processing by GossipsController#create as HTML
  Parameters: {"utf8"=>"✓", "authenticity_token"=>"4UkFJB+Gfz1TdZMsITKzyCXfTXcsacHtP38I11UxwHW8CXHdYDVjfR8CPOjEZpmQZS9XoSc1cUKAzlHgm7vA1Q==", "gossip"=>{"title"=>"gege", "body"=>"ehehehehehhehehehehe"}, "commit"=>"Create Gossip"}
  [1m[35m (0.2ms)[0m  [1m[35mBEGIN[0m
  ↳ app/controllers/gossips_controller.rb:9
  [1m[36mGossip Create (1.4ms)[0m  [1m[32mINSERT INTO "gossips" ("title", "body", "created_at", "updated_at") VALUES ($1, $2, $3, $4) RETURNING "id"[0m  [["title", "gege"], ["body", "ehehehehehhehehehehe"], ["created_at", "2018-08-23 08:27:03.743772"], ["updated_at", "2018-08-23 08:27:03.743772"]]
  ↳ app/controllers/gossips_controller.rb:9
  [1m[35m (10.8ms)[0m  [1m[35mCOMMIT[0m
  ↳ app/controllers/gossips_controller.rb:9
  [1m[35m (0.2ms)[0m  [1m[35mBEGIN[0m
  ↳ app/controllers/gossips_controller.rb:10
  [1m[35m (0.1ms)[0m  [1m[35mCOMMIT[0m
  ↳ app/controllers/gossips_controller.rb:10
Redirected to http://localhost:3000/gossips
Completed 302 Found in 19ms (ActiveRecord: 12.7ms)


Started GET "/gossips" for 127.0.0.1 at 2018-08-23 10:27:03 +0200
Processing by GossipsController#index as HTML
  Rendering gossips/index.html.erb within layouts/application
  [1m[36mGossip Load (0.4ms)[0m  [1m[34mSELECT "gossips".* FROM "gossips"[0m
  ↳ app/views/gossips/index.html.erb:5
  Rendered gossips/index.html.erb within layouts/application (4.9ms)
Completed 200 OK in 61ms (Views: 57.7ms | ActiveRecord: 0.4ms)


Started GET "/" for 127.0.0.1 at 2018-08-23 10:27:13 +0200
Processing by GossipsController#index as HTML
  Rendering gossips/index.html.erb within layouts/application
  [1m[36mGossip Load (0.8ms)[0m  [1m[34mSELECT "gossips".* FROM "gossips"[0m
  ↳ app/views/gossips/index.html.erb:5
  Rendered gossips/index.html.erb within layouts/application (3.7ms)
Completed 200 OK in 83ms (Views: 78.8ms | ActiveRecord: 0.8ms)


Started GET "/" for 127.0.0.1 at 2018-08-23 11:30:35 +0200
Processing by GossipsController#index as HTML
  Rendering gossips/index.html.erb within layouts/application
  [1m[36mGossip Load (1.1ms)[0m  [1m[34mSELECT "gossips".* FROM "gossips"[0m
  ↳ app/views/gossips/index.html.erb:5
  Rendered gossips/index.html.erb within layouts/application (44.1ms)
Completed 200 OK in 179ms (Views: 154.5ms | ActiveRecord: 15.7ms)


Started POST "/gossips" for 127.0.0.1 at 2018-08-23 11:30:42 +0200
Processing by GossipsController#create as JS
  Parameters: {"utf8"=>"✓", "authenticity_token"=>"z9GShqE87NKvZ+T/0HyBsH5k7OBb+Yx0OFFX04Gk3DWSkeZ/3o/wkuMQSzs1KKvoPpT2NlClPNuH4A7kTy7clQ==", "title"=>"The Turn of the Screw", "body"=>"jjjj", "commit"=>"Save "}
Completed 400 Bad Request in 2ms (ActiveRecord: 0.0ms)


  
ActionController::ParameterMissing (param is missing or the value is empty: gossip):
  
app/controllers/gossips_controller.rb:29:in `gossip_params'
app/controllers/gossips_controller.rb:10:in `create'
Started POST "/gossips" for 127.0.0.1 at 2018-08-23 11:30:44 +0200
Processing by GossipsController#create as JS
  Parameters: {"utf8"=>"✓", "authenticity_token"=>"z9GShqE87NKvZ+T/0HyBsH5k7OBb+Yx0OFFX04Gk3DWSkeZ/3o/wkuMQSzs1KKvoPpT2NlClPNuH4A7kTy7clQ==", "title"=>"The Turn of the Screw", "body"=>"jjjj", "commit"=>"Save "}
Completed 400 Bad Request in 1ms (ActiveRecord: 0.0ms)


  
ActionController::ParameterMissing (param is missing or the value is empty: gossip):
  
app/controllers/gossips_controller.rb:29:in `gossip_params'
app/controllers/gossips_controller.rb:10:in `create'
Started POST "/gossips" for 127.0.0.1 at 2018-08-23 11:30:46 +0200
Processing by GossipsController#create as JS
  Parameters: {"utf8"=>"✓", "authenticity_token"=>"z9GShqE87NKvZ+T/0HyBsH5k7OBb+Yx0OFFX04Gk3DWSkeZ/3o/wkuMQSzs1KKvoPpT2NlClPNuH4A7kTy7clQ==", "title"=>"The Turn of the Screw", "body"=>"jjjj", "commit"=>"Save "}
Completed 400 Bad Request in 1ms (ActiveRecord: 0.0ms)


  
ActionController::ParameterMissing (param is missing or the value is empty: gossip):
  
app/controllers/gossips_controller.rb:29:in `gossip_params'
app/controllers/gossips_controller.rb:10:in `create'
Started POST "/gossips" for 127.0.0.1 at 2018-08-23 11:30:46 +0200
Processing by GossipsController#create as JS
  Parameters: {"utf8"=>"✓", "authenticity_token"=>"z9GShqE87NKvZ+T/0HyBsH5k7OBb+Yx0OFFX04Gk3DWSkeZ/3o/wkuMQSzs1KKvoPpT2NlClPNuH4A7kTy7clQ==", "title"=>"The Turn of the Screw", "body"=>"jjjj", "commit"=>"Save "}
Completed 400 Bad Request in 1ms (ActiveRecord: 0.0ms)


  
ActionController::ParameterMissing (param is missing or the value is empty: gossip):
  
app/controllers/gossips_controller.rb:29:in `gossip_params'
app/controllers/gossips_controller.rb:10:in `create'
Started GET "/" for 127.0.0.1 at 2018-08-23 13:38:02 +0200
Processing by GossipsController#index as HTML
  Rendering gossips/index.html.erb within layouts/application
  [1m[36mGossip Load (7.2ms)[0m  [1m[34mSELECT "gossips".* FROM "gossips"[0m
  ↳ app/views/gossips/index.html.erb:5
  Rendered gossips/index.html.erb within layouts/application (31.7ms)
Completed 200 OK in 174ms (Views: 157.2ms | ActiveRecord: 7.2ms)


Started POST "/gossips" for 127.0.0.1 at 2018-08-23 13:38:10 +0200
Processing by GossipsController#create as JS
  Parameters: {"utf8"=>"✓", "authenticity_token"=>"A7lehljnlrOA1l6LOfeceMDAcyXg2ZH+pj9v4NsevnnVK81XMt5gc/zU5VT1w68nTVBiM4zi63wVp5e6dZE6Rg==", "title"=>"ddd", "body"=>"grrrggrgrrg", "commit"=>"Save "}
Completed 400 Bad Request in 3ms (ActiveRecord: 0.0ms)


  
ActionController::ParameterMissing (param is missing or the value is empty: gossip):
  
app/controllers/gossips_controller.rb:29:in `gossip_params'
app/controllers/gossips_controller.rb:10:in `create'
Started POST "/gossips" for 127.0.0.1 at 2018-08-23 13:38:12 +0200
Processing by GossipsController#create as JS
  Parameters: {"utf8"=>"✓", "authenticity_token"=>"A7lehljnlrOA1l6LOfeceMDAcyXg2ZH+pj9v4NsevnnVK81XMt5gc/zU5VT1w68nTVBiM4zi63wVp5e6dZE6Rg==", "title"=>"ddd", "body"=>"grrrggrgrrg", "commit"=>"Save "}
Completed 400 Bad Request in 1ms (ActiveRecord: 0.0ms)


  
ActionController::ParameterMissing (param is missing or the value is empty: gossip):
  
app/controllers/gossips_controller.rb:29:in `gossip_params'
app/controllers/gossips_controller.rb:10:in `create'
Started POST "/gossips" for 127.0.0.1 at 2018-08-23 13:38:13 +0200
Processing by GossipsController#create as JS
  Parameters: {"utf8"=>"✓", "authenticity_token"=>"A7lehljnlrOA1l6LOfeceMDAcyXg2ZH+pj9v4NsevnnVK81XMt5gc/zU5VT1w68nTVBiM4zi63wVp5e6dZE6Rg==", "title"=>"ddd", "body"=>"grrrggrgrrg", "commit"=>"Save "}
Completed 400 Bad Request in 2ms (ActiveRecord: 0.0ms)


  
ActionController::ParameterMissing (param is missing or the value is empty: gossip):
  
app/controllers/gossips_controller.rb:29:in `gossip_params'
app/controllers/gossips_controller.rb:10:in `create'
Started GET "/" for 127.0.0.1 at 2018-08-23 13:43:31 +0200
Processing by GossipsController#index as HTML
  Rendering gossips/index.html.erb within layouts/application
  [1m[36mGossip Load (0.5ms)[0m  [1m[34mSELECT "gossips".* FROM "gossips"[0m
  ↳ app/views/gossips/index.html.erb:5
  Rendered gossips/index.html.erb within layouts/application (38.9ms)
Completed 200 OK in 109ms (Views: 76.3ms | ActiveRecord: 27.3ms)


Started POST "/gossips" for 127.0.0.1 at 2018-08-23 13:43:35 +0200
Processing by GossipsController#create as JS
  Parameters: {"utf8"=>"✓", "authenticity_token"=>"vRk9FzGShvr629gFLwUVzozi0Ek0NAJahjL8S/KPD55ri67GW6twOobZY9rjMSaRAXLBX1gPeNg1qgQRXACLoQ==", "title"=>"The Turn of the Screw", "body"=>"ssss", "commit"=>"Save "}
Unpermitted parameters: :utf8, :authenticity_token, :commit
  [1m[35m (0.2ms)[0m  [1m[35mBEGIN[0m
  ↳ app/controllers/gossips_controller.rb:10
  [1m[36mGossip Create (0.7ms)[0m  [1m[32mINSERT INTO "gossips" ("title", "body", "created_at", "updated_at") VALUES ($1, $2, $3, $4) RETURNING "id"[0m  [["title", "The Turn of the Screw"], ["body", "ssss"], ["created_at", "2018-08-23 11:43:35.097865"], ["updated_at", "2018-08-23 11:43:35.097865"]]
  ↳ app/controllers/gossips_controller.rb:10
  [1m[35m (12.1ms)[0m  [1m[35mCOMMIT[0m
  ↳ app/controllers/gossips_controller.rb:10
  [1m[35m (0.3ms)[0m  [1m[35mBEGIN[0m
  ↳ app/controllers/gossips_controller.rb:11
  [1m[35m (0.2ms)[0m  [1m[35mCOMMIT[0m
  ↳ app/controllers/gossips_controller.rb:11
  Rendering gossips/create.js.erb
  Rendered layouts/_gossip.html.erb (0.5ms)
  Rendered gossips/create.js.erb (4.8ms)
Completed 200 OK in 42ms (Views: 16.0ms | ActiveRecord: 13.5ms)


Started POST "/gossips" for 127.0.0.1 at 2018-08-23 13:43:58 +0200
Processing by GossipsController#create as JS
  Parameters: {"utf8"=>"✓", "authenticity_token"=>"vRk9FzGShvr629gFLwUVzozi0Ek0NAJahjL8S/KPD55ri67GW6twOobZY9rjMSaRAXLBX1gPeNg1qgQRXACLoQ==", "title"=>"ieiieie", "body"=>"hhdhhdhd", "commit"=>"Save "}
Unpermitted parameters: :utf8, :authenticity_token, :commit
  [1m[35m (0.2ms)[0m  [1m[35mBEGIN[0m
  ↳ app/controllers/gossips_controller.rb:10
  [1m[36mGossip Create (0.4ms)[0m  [1m[32mINSERT INTO "gossips" ("title", "body", "created_at", "updated_at") VALUES ($1, $2, $3, $4) RETURNING "id"[0m  [["title", "ieiieie"], ["body", "hhdhhdhd"], ["created_at", "2018-08-23 11:43:58.329991"], ["updated_at", "2018-08-23 11:43:58.329991"]]
  ↳ app/controllers/gossips_controller.rb:10
  [1m[35m (6.1ms)[0m  [1m[35mCOMMIT[0m
  ↳ app/controllers/gossips_controller.rb:10
  [1m[35m (0.1ms)[0m  [1m[35mBEGIN[0m
  ↳ app/controllers/gossips_controller.rb:11
  [1m[35m (0.1ms)[0m  [1m[35mCOMMIT[0m
  ↳ app/controllers/gossips_controller.rb:11
  Rendering gossips/create.js.erb
  Rendered layouts/_gossip.html.erb (0.3ms)
  Rendered gossips/create.js.erb (3.7ms)
Completed 200 OK in 44ms (Views: 13.8ms | ActiveRecord: 13.1ms)


Started GET "/" for 127.0.0.1 at 2018-08-23 13:48:00 +0200
Processing by GossipsController#index as HTML
  Rendering gossips/index.html.erb within layouts/application
  [1m[36mGossip Load (0.4ms)[0m  [1m[34mSELECT "gossips".* FROM "gossips"[0m
  ↳ app/views/gossips/index.html.erb:5
  Rendered gossips/index.html.erb within layouts/application (4.2ms)
Completed 200 OK in 74ms (Views: 69.3ms | ActiveRecord: 0.4ms)


Started POST "/gossips" for 127.0.0.1 at 2018-08-23 13:48:06 +0200
Processing by GossipsController#create as JS
  Parameters: {"utf8"=>"✓", "authenticity_token"=>"9uNpUsW2+YJP+v8ES1zzijjRmA6TMtDQoNK7zgZAT0ogcfqDr48PQjP4RNuHaMDVtUGJGP8JqlITSkOUqM/LdQ==", "title"=>"gdgdgdg", "body"=>"poaopiaoia", "commit"=>"Save "}
Unpermitted parameters: :utf8, :authenticity_token, :commit
  [1m[35m (0.2ms)[0m  [1m[35mBEGIN[0m
  ↳ app/controllers/gossips_controller.rb:10
  [1m[36mGossip Create (0.5ms)[0m  [1m[32mINSERT INTO "gossips" ("title", "body", "created_at", "updated_at") VALUES ($1, $2, $3, $4) RETURNING "id"[0m  [["title", "gdgdgdg"], ["body", "poaopiaoia"], ["created_at", "2018-08-23 11:48:06.801728"], ["updated_at", "2018-08-23 11:48:06.801728"]]
  ↳ app/controllers/gossips_controller.rb:10
  [1m[35m (6.0ms)[0m  [1m[35mCOMMIT[0m
  ↳ app/controllers/gossips_controller.rb:10
  [1m[35m (0.2ms)[0m  [1m[35mBEGIN[0m
  ↳ app/controllers/gossips_controller.rb:11
  [1m[35m (0.2ms)[0m  [1m[35mCOMMIT[0m
  ↳ app/controllers/gossips_controller.rb:11
  Rendering gossips/create.js.erb
  Rendered layouts/_gossip.html.erb (0.4ms)
  Rendered gossips/create.js.erb (4.2ms)
Completed 200 OK in 29ms (Views: 14.0ms | ActiveRecord: 7.0ms)


Started POST "/gossips" for 127.0.0.1 at 2018-08-23 13:48:08 +0200
Processing by GossipsController#create as JS
  Parameters: {"utf8"=>"✓", "authenticity_token"=>"9uNpUsW2+YJP+v8ES1zzijjRmA6TMtDQoNK7zgZAT0ogcfqDr48PQjP4RNuHaMDVtUGJGP8JqlITSkOUqM/LdQ==", "title"=>"gdgdgdg", "body"=>"poaopiaoia", "commit"=>"Save "}
Unpermitted parameters: :utf8, :authenticity_token, :commit
  [1m[35m (0.2ms)[0m  [1m[35mBEGIN[0m
  ↳ app/controllers/gossips_controller.rb:10
  [1m[36mGossip Create (0.4ms)[0m  [1m[32mINSERT INTO "gossips" ("title", "body", "created_at", "updated_at") VALUES ($1, $2, $3, $4) RETURNING "id"[0m  [["title", "gdgdgdg"], ["body", "poaopiaoia"], ["created_at", "2018-08-23 11:48:08.050621"], ["updated_at", "2018-08-23 11:48:08.050621"]]
  ↳ app/controllers/gossips_controller.rb:10
  [1m[35m (0.5ms)[0m  [1m[35mCOMMIT[0m
  ↳ app/controllers/gossips_controller.rb:10
  [1m[35m (0.1ms)[0m  [1m[35mBEGIN[0m
  ↳ app/controllers/gossips_controller.rb:11
  [1m[35m (0.2ms)[0m  [1m[35mCOMMIT[0m
  ↳ app/controllers/gossips_controller.rb:11
  Rendering gossips/create.js.erb
  Rendered layouts/_gossip.html.erb (0.5ms)
  Rendered gossips/create.js.erb (4.4ms)
Completed 200 OK in 24ms (Views: 14.3ms | ActiveRecord: 1.4ms)


Started POST "/gossips" for 127.0.0.1 at 2018-08-23 13:48:09 +0200
Processing by GossipsController#create as JS
  Parameters: {"utf8"=>"✓", "authenticity_token"=>"9uNpUsW2+YJP+v8ES1zzijjRmA6TMtDQoNK7zgZAT0ogcfqDr48PQjP4RNuHaMDVtUGJGP8JqlITSkOUqM/LdQ==", "title"=>"gdgdgdg", "body"=>"poaopiaoia", "commit"=>"Save "}
Unpermitted parameters: :utf8, :authenticity_token, :commit
  [1m[35m (0.2ms)[0m  [1m[35mBEGIN[0m
  ↳ app/controllers/gossips_controller.rb:10
  [1m[36mGossip Create (0.5ms)[0m  [1m[32mINSERT INTO "gossips" ("title", "body", "created_at", "updated_at") VALUES ($1, $2, $3, $4) RETURNING "id"[0m  [["title", "gdgdgdg"], ["body", "poaopiaoia"], ["created_at", "2018-08-23 11:48:09.032592"], ["updated_at", "2018-08-23 11:48:09.032592"]]
  ↳ app/controllers/gossips_controller.rb:10
  [1m[35m (6.1ms)[0m  [1m[35mCOMMIT[0m
  ↳ app/controllers/gossips_controller.rb:10
  [1m[35m (0.2ms)[0m  [1m[35mBEGIN[0m
  ↳ app/controllers/gossips_controller.rb:11
  [1m[35m (0.2ms)[0m  [1m[35mCOMMIT[0m
  ↳ app/controllers/gossips_controller.rb:11
  Rendering gossips/create.js.erb
  Rendered layouts/_gossip.html.erb (0.4ms)
  Rendered gossips/create.js.erb (4.5ms)
Completed 200 OK in 30ms (Views: 14.5ms | ActiveRecord: 7.1ms)


Started POST "/gossips" for 127.0.0.1 at 2018-08-23 13:48:17 +0200
Processing by GossipsController#create as JS
  Parameters: {"utf8"=>"✓", "authenticity_token"=>"9uNpUsW2+YJP+v8ES1zzijjRmA6TMtDQoNK7zgZAT0ogcfqDr48PQjP4RNuHaMDVtUGJGP8JqlITSkOUqM/LdQ==", "title"=>"gdgdgdg", "body"=>"poaopiaoia", "commit"=>"Save "}
Unpermitted parameters: :utf8, :authenticity_token, :commit
  [1m[35m (0.2ms)[0m  [1m[35mBEGIN[0m
  ↳ app/controllers/gossips_controller.rb:10
  [1m[36mGossip Create (0.5ms)[0m  [1m[32mINSERT INTO "gossips" ("title", "body", "created_at", "updated_at") VALUES ($1, $2, $3, $4) RETURNING "id"[0m  [["title", "gdgdgdg"], ["body", "poaopiaoia"], ["created_at", "2018-08-23 11:48:17.237111"], ["updated_at", "2018-08-23 11:48:17.237111"]]
  ↳ app/controllers/gossips_controller.rb:10
  [1m[35m (6.4ms)[0m  [1m[35mCOMMIT[0m
  ↳ app/controllers/gossips_controller.rb:10
  [1m[35m (0.2ms)[0m  [1m[35mBEGIN[0m
  ↳ app/controllers/gossips_controller.rb:11
  [1m[35m (0.1ms)[0m  [1m[35mCOMMIT[0m
  ↳ app/controllers/gossips_controller.rb:11
  Rendering gossips/create.js.erb
  Rendered layouts/_gossip.html.erb (0.5ms)
  Rendered gossips/create.js.erb (4.7ms)
Completed 200 OK in 31ms (Views: 15.2ms | ActiveRecord: 7.4ms)


